[09-Feb-2018 16:15:08 Europe/Paris] PHP Notice:  Use of undefined constant TITRE - assumed 'TITRE' in /home/UNIV-LYON1/p1623082/public_html/cours3/helloworld5/helloworld5/views/v_header.php on line 17
[09-Feb-2018 16:15:08 Europe/Paris] PHP Notice:  Use of undefined constant TITRE - assumed 'TITRE' in /home/UNIV-LYON1/p1623082/public_html/cours3/helloworld5/helloworld5/views/v_header.php on line 38
[09-Feb-2018 16:15:08 Europe/Paris] PHP Notice:  Use of undefined constant TITRE - assumed 'TITRE' in /home/UNIV-LYON1/p1623082/public_html/cours3/helloworld5/helloworld5/views/v_footer.php on line 22
[09-Feb-2018 16:59:51 Europe/Paris] PHP Notice:  Use of undefined constant NOM - assumed 'NOM' in /home/UNIV-LYON1/p1623082/public_html/cours3/helloworld5/helloworld5/views/v_accueil.php on line 25
[09-Feb-2018 16:59:51 Europe/Paris] PHP Notice:  Use of undefined constant SUBMIT - assumed 'SUBMIT' in /home/UNIV-LYON1/p1623082/public_html/cours3/helloworld5/helloworld5/views/v_accueil.php on line 28
[09-Feb-2018 17:01:23 Europe/Paris] PHP Notice:  Use of undefined constant NOM - assumed 'NOM' in /home/UNIV-LYON1/p1623082/public_html/cours3/helloworld5/helloworld5/views/v_accueil.php on line 25
[09-Feb-2018 17:01:23 Europe/Paris] PHP Notice:  Use of undefined constant SUBMIT - assumed 'SUBMIT' in /home/UNIV-LYON1/p1623082/public_html/cours3/helloworld5/helloworld5/views/v_accueil.php on line 28
[09-Feb-2018 17:01:25 Europe/Paris] PHP Notice:  Use of undefined constant NOM - assumed 'NOM' in /home/UNIV-LYON1/p1623082/public_html/cours3/helloworld5/helloworld5/views/v_accueil.php on line 25
[09-Feb-2018 17:01:25 Europe/Paris] PHP Notice:  Use of undefined constant SUBMIT - assumed 'SUBMIT' in /home/UNIV-LYON1/p1623082/public_html/cours3/helloworld5/helloworld5/views/v_accueil.php on line 28
[09-Feb-2018 17:02:37 Europe/Paris] PHP Notice:  Use of undefined constant NOM - assumed 'NOM' in /home/UNIV-LYON1/p1623082/public_html/cours3/helloworld5/helloworld5/views/v_accueil.php on line 25
[09-Feb-2018 17:02:37 Europe/Paris] PHP Notice:  Use of undefined constant SUBMIT - assumed 'SUBMIT' in /home/UNIV-LYON1/p1623082/public_html/cours3/helloworld5/helloworld5/views/v_accueil.php on line 28
[09-Feb-2018 17:02:38 Europe/Paris] PHP Notice:  Use of undefined constant NOM - assumed 'NOM' in /home/UNIV-LYON1/p1623082/public_html/cours3/helloworld5/helloworld5/views/v_accueil.php on line 25
[09-Feb-2018 17:02:38 Europe/Paris] PHP Notice:  Use of undefined constant SUBMIT - assumed 'SUBMIT' in /home/UNIV-LYON1/p1623082/public_html/cours3/helloworld5/helloworld5/views/v_accueil.php on line 28
[09-Feb-2018 17:03:26 Europe/Paris] PHP Notice:  Use of undefined constant NOM - assumed 'NOM' in /home/UNIV-LYON1/p1623082/public_html/cours3/helloworld5/helloworld5/views/v_accueil.php on line 25
[09-Feb-2018 17:03:26 Europe/Paris] PHP Notice:  Use of undefined constant SUBMIT - assumed 'SUBMIT' in /home/UNIV-LYON1/p1623082/public_html/cours3/helloworld5/helloworld5/views/v_accueil.php on line 28
[09-Feb-2018 17:13:05 Europe/Paris] PHP Notice:  Use of undefined constant TITRE - assumed 'TITRE' in /home/UNIV-LYON1/p1623082/public_html/cours3/helloworld5/helloworld5/views/v_header.php on line 17
[09-Feb-2018 17:13:05 Europe/Paris] PHP Notice:  Use of undefined constant TITRE - assumed 'TITRE' in /home/UNIV-LYON1/p1623082/public_html/cours3/helloworld5/helloworld5/views/v_header.php on line 38
[09-Feb-2018 17:13:05 Europe/Paris] PHP Notice:  Use of undefined constant MENU_HELLO - assumed 'MENU_HELLO' in /home/UNIV-LYON1/p1623082/public_html/cours3/helloworld5/helloworld5/views/v_menu.php on line 27
[09-Feb-2018 17:13:05 Europe/Paris] PHP Notice:  Use of undefined constant NOM - assumed 'NOM' in /home/UNIV-LYON1/p1623082/public_html/cours3/helloworld5/helloworld5/views/v_accueil.php on line 25
[09-Feb-2018 17:13:05 Europe/Paris] PHP Notice:  Use of undefined constant SUBMIT - assumed 'SUBMIT' in /home/UNIV-LYON1/p1623082/public_html/cours3/helloworld5/helloworld5/views/v_accueil.php on line 28
[09-Feb-2018 17:13:05 Europe/Paris] PHP Notice:  Use of undefined constant TITRE - assumed 'TITRE' in /home/UNIV-LYON1/p1623082/public_html/cours3/helloworld5/helloworld5/views/v_footer.php on line 22
[09-Feb-2018 17:14:40 Europe/Paris] PHP Notice:  Use of undefined constant TITRE - assumed 'TITRE' in /home/UNIV-LYON1/p1623082/public_html/cours3/helloworld5/helloworld5/views/v_header.php on line 17
[09-Feb-2018 17:14:40 Europe/Paris] PHP Notice:  Use of undefined constant TITRE - assumed 'TITRE' in /home/UNIV-LYON1/p1623082/public_html/cours3/helloworld5/helloworld5/views/v_header.php on line 38
[09-Feb-2018 17:14:40 Europe/Paris] PHP Notice:  Use of undefined constant MENU_HELLO - assumed 'MENU_HELLO' in /home/UNIV-LYON1/p1623082/public_html/cours3/helloworld5/helloworld5/views/v_menu.php on line 27
[09-Feb-2018 17:14:40 Europe/Paris] PHP Notice:  Use of undefined constant NOM - assumed 'NOM' in /home/UNIV-LYON1/p1623082/public_html/cours3/helloworld5/helloworld5/views/v_accueil.php on line 25
[09-Feb-2018 17:14:40 Europe/Paris] PHP Notice:  Use of undefined constant SUBMIT - assumed 'SUBMIT' in /home/UNIV-LYON1/p1623082/public_html/cours3/helloworld5/helloworld5/views/v_accueil.php on line 28
[09-Feb-2018 17:14:40 Europe/Paris] PHP Notice:  Use of undefined constant TITRE - assumed 'TITRE' in /home/UNIV-LYON1/p1623082/public_html/cours3/helloworld5/helloworld5/views/v_footer.php on line 22
[09-Feb-2018 17:20:44 Europe/Paris] PHP Notice:  Use of undefined constant TITRE - assumed 'TITRE' in /home/UNIV-LYON1/p1623082/public_html/cours3/helloworld5/helloworld5/views/v_header.php on line 17
[09-Feb-2018 17:20:44 Europe/Paris] PHP Notice:  Use of undefined constant TITRE - assumed 'TITRE' in /home/UNIV-LYON1/p1623082/public_html/cours3/helloworld5/helloworld5/views/v_header.php on line 38
[09-Feb-2018 17:20:44 Europe/Paris] PHP Notice:  Use of undefined constant MENU_HELLO - assumed 'MENU_HELLO' in /home/UNIV-LYON1/p1623082/public_html/cours3/helloworld5/helloworld5/views/v_menu.php on line 27
[09-Feb-2018 17:20:44 Europe/Paris] PHP Notice:  Use of undefined constant NOM - assumed 'NOM' in /home/UNIV-LYON1/p1623082/public_html/cours3/helloworld5/helloworld5/views/v_accueil.php on line 25
[09-Feb-2018 17:20:44 Europe/Paris] PHP Notice:  Use of undefined constant SUBMIT - assumed 'SUBMIT' in /home/UNIV-LYON1/p1623082/public_html/cours3/helloworld5/helloworld5/views/v_accueil.php on line 28
[09-Feb-2018 17:20:44 Europe/Paris] PHP Notice:  Use of undefined constant TITRE - assumed 'TITRE' in /home/UNIV-LYON1/p1623082/public_html/cours3/helloworld5/helloworld5/views/v_footer.php on line 22
[09-Feb-2018 17:20:45 Europe/Paris] PHP Notice:  Use of undefined constant TITRE - assumed 'TITRE' in /home/UNIV-LYON1/p1623082/public_html/cours3/helloworld5/helloworld5/views/v_header.php on line 17
[09-Feb-2018 17:20:45 Europe/Paris] PHP Notice:  Use of undefined constant TITRE - assumed 'TITRE' in /home/UNIV-LYON1/p1623082/public_html/cours3/helloworld5/helloworld5/views/v_header.php on line 38
[09-Feb-2018 17:20:45 Europe/Paris] PHP Notice:  Use of undefined constant MENU_HELLO - assumed 'MENU_HELLO' in /home/UNIV-LYON1/p1623082/public_html/cours3/helloworld5/helloworld5/views/v_menu.php on line 27
[09-Feb-2018 17:20:45 Europe/Paris] PHP Notice:  Use of undefined constant NOM - assumed 'NOM' in /home/UNIV-LYON1/p1623082/public_html/cours3/helloworld5/helloworld5/views/v_accueil.php on line 25
[09-Feb-2018 17:20:45 Europe/Paris] PHP Notice:  Use of undefined constant SUBMIT - assumed 'SUBMIT' in /home/UNIV-LYON1/p1623082/public_html/cours3/helloworld5/helloworld5/views/v_accueil.php on line 28
[09-Feb-2018 17:20:45 Europe/Paris] PHP Notice:  Use of undefined constant TITRE - assumed 'TITRE' in /home/UNIV-LYON1/p1623082/public_html/cours3/helloworld5/helloworld5/views/v_footer.php on line 22
[09-Feb-2018 17:20:47 Europe/Paris] PHP Notice:  Use of undefined constant TITRE - assumed 'TITRE' in /home/UNIV-LYON1/p1623082/public_html/cours3/helloworld5/helloworld5/views/v_header.php on line 17
[09-Feb-2018 17:20:47 Europe/Paris] PHP Notice:  Use of undefined constant TITRE - assumed 'TITRE' in /home/UNIV-LYON1/p1623082/public_html/cours3/helloworld5/helloworld5/views/v_header.php on line 38
[09-Feb-2018 17:20:47 Europe/Paris] PHP Notice:  Use of undefined constant MENU_HELLO - assumed 'MENU_HELLO' in /home/UNIV-LYON1/p1623082/public_html/cours3/helloworld5/helloworld5/views/v_menu.php on line 27
[09-Feb-2018 17:20:47 Europe/Paris] PHP Notice:  Use of undefined constant NOM - assumed 'NOM' in /home/UNIV-LYON1/p1623082/public_html/cours3/helloworld5/helloworld5/views/v_accueil.php on line 25
[09-Feb-2018 17:20:47 Europe/Paris] PHP Notice:  Use of undefined constant SUBMIT - assumed 'SUBMIT' in /home/UNIV-LYON1/p1623082/public_html/cours3/helloworld5/helloworld5/views/v_accueil.php on line 28
[09-Feb-2018 17:20:47 Europe/Paris] PHP Notice:  Use of undefined constant TITRE - assumed 'TITRE' in /home/UNIV-LYON1/p1623082/public_html/cours3/helloworld5/helloworld5/views/v_footer.php on line 22
